<?xml version="1.0" encoding="UTF-8"?>
<testsuite xmlns:xsi="http://www.w3.org/2001/XMLSchema-instance" xsi:noNamespaceSchemaLocation="https://maven.apache.org/surefire/maven-surefire-plugin/xsd/surefire-test-report-3.0.xsd" version="3.0" name="com.saucedemo.runners.RunCucumberTest" time="9.664" tests="5" errors="0" skipped="0" failures="0">
  <properties>
    <property name="gopherProxySet" value="false"/>
    <property name="awt.toolkit" value="sun.lwawt.macosx.LWCToolkit"/>
    <property name="java.specification.version" value="11"/>
    <property name="sun.cpu.isalist" value=""/>
    <property name="sun.jnu.encoding" value="UTF-8"/>
    <property name="java.class.path" value="/Users/nikosthermogiannis/Repos/java-cucumber-test-automation-framework/target/test-classes:/Users/nikosthermogiannis/Repos/java-cucumber-test-automation-framework/target/classes:/Users/nikosthermogiannis/.m2/repository/io/cucumber/cucumber-java/7.18.0/cucumber-java-7.18.0.jar:/Users/nikosthermogiannis/.m2/repository/io/cucumber/cucumber-core/7.18.0/cucumber-core-7.18.0.jar:/Users/nikosthermogiannis/.m2/repository/io/cucumber/cucumber-gherkin/7.18.0/cucumber-gherkin-7.18.0.jar:/Users/nikosthermogiannis/.m2/repository/io/cucumber/cucumber-gherkin-messages/7.18.0/cucumber-gherkin-messages-7.18.0.jar:/Users/nikosthermogiannis/.m2/repository/io/cucumber/gherkin/28.0.0/gherkin-28.0.0.jar:/Users/nikosthermogiannis/.m2/repository/io/cucumber/messages/24.1.0/messages-24.1.0.jar:/Users/nikosthermogiannis/.m2/repository/io/cucumber/testng-xml-formatter/0.1.0/testng-xml-formatter-0.1.0.jar:/Users/nikosthermogiannis/.m2/repository/io/cucumber/query/12.1.2/query-12.1.2.jar:/Users/nikosthermogiannis/.m2/repository/io/cucumber/tag-expressions/6.1.0/tag-expressions-6.1.0.jar:/Users/nikosthermogiannis/.m2/repository/io/cucumber/cucumber-expressions/17.1.0/cucumber-expressions-17.1.0.jar:/Users/nikosthermogiannis/.m2/repository/io/cucumber/datatable/7.18.0/datatable-7.18.0.jar:/Users/nikosthermogiannis/.m2/repository/io/cucumber/cucumber-plugin/7.18.0/cucumber-plugin-7.18.0.jar:/Users/nikosthermogiannis/.m2/repository/io/cucumber/docstring/7.18.0/docstring-7.18.0.jar:/Users/nikosthermogiannis/.m2/repository/io/cucumber/html-formatter/21.3.1/html-formatter-21.3.1.jar:/Users/nikosthermogiannis/.m2/repository/io/cucumber/junit-xml-formatter/0.4.0/junit-xml-formatter-0.4.0.jar:/Users/nikosthermogiannis/.m2/repository/io/cucumber/ci-environment/10.0.1/ci-environment-10.0.1.jar:/Users/nikosthermogiannis/.m2/repository/org/apiguardian/apiguardian-api/1.1.2/apiguardian-api-1.1.2.jar:/Users/nikosthermogiannis/.m2/repository/io/cucumber/cucumber-junit/7.18.0/cucumber-junit-7.18.0.jar:/Users/nikosthermogiannis/.m2/repository/junit/junit/4.13.2/junit-4.13.2.jar:/Users/nikosthermogiannis/.m2/repository/org/hamcrest/hamcrest-core/1.3/hamcrest-core-1.3.jar:/Users/nikosthermogiannis/.m2/repository/org/seleniumhq/selenium/selenium-java/4.21.0/selenium-java-4.21.0.jar:/Users/nikosthermogiannis/.m2/repository/org/seleniumhq/selenium/selenium-api/4.21.0/selenium-api-4.21.0.jar:/Users/nikosthermogiannis/.m2/repository/org/seleniumhq/selenium/selenium-chrome-driver/4.21.0/selenium-chrome-driver-4.21.0.jar:/Users/nikosthermogiannis/.m2/repository/com/google/auto/service/auto-service-annotations/1.1.1/auto-service-annotations-1.1.1.jar:/Users/nikosthermogiannis/.m2/repository/org/seleniumhq/selenium/selenium-chromium-driver/4.21.0/selenium-chromium-driver-4.21.0.jar:/Users/nikosthermogiannis/.m2/repository/org/seleniumhq/selenium/selenium-json/4.21.0/selenium-json-4.21.0.jar:/Users/nikosthermogiannis/.m2/repository/org/seleniumhq/selenium/selenium-manager/4.21.0/selenium-manager-4.21.0.jar:/Users/nikosthermogiannis/.m2/repository/org/seleniumhq/selenium/selenium-devtools-v123/4.21.0/selenium-devtools-v123-4.21.0.jar:/Users/nikosthermogiannis/.m2/repository/org/seleniumhq/selenium/selenium-devtools-v124/4.21.0/selenium-devtools-v124-4.21.0.jar:/Users/nikosthermogiannis/.m2/repository/org/seleniumhq/selenium/selenium-devtools-v125/4.21.0/selenium-devtools-v125-4.21.0.jar:/Users/nikosthermogiannis/.m2/repository/org/seleniumhq/selenium/selenium-devtools-v85/4.21.0/selenium-devtools-v85-4.21.0.jar:/Users/nikosthermogiannis/.m2/repository/org/seleniumhq/selenium/selenium-edge-driver/4.21.0/selenium-edge-driver-4.21.0.jar:/Users/nikosthermogiannis/.m2/repository/org/seleniumhq/selenium/selenium-firefox-driver/4.21.0/selenium-firefox-driver-4.21.0.jar:/Users/nikosthermogiannis/.m2/repository/org/seleniumhq/selenium/selenium-http/4.21.0/selenium-http-4.21.0.jar:/Users/nikosthermogiannis/.m2/repository/dev/failsafe/failsafe/3.3.2/failsafe-3.3.2.jar:/Users/nikosthermogiannis/.m2/repository/org/seleniumhq/selenium/selenium-ie-driver/4.21.0/selenium-ie-driver-4.21.0.jar:/Users/nikosthermogiannis/.m2/repository/org/seleniumhq/selenium/selenium-remote-driver/4.21.0/selenium-remote-driver-4.21.0.jar:/Users/nikosthermogiannis/.m2/repository/io/opentelemetry/semconv/opentelemetry-semconv/1.25.0-alpha/opentelemetry-semconv-1.25.0-alpha.jar:/Users/nikosthermogiannis/.m2/repository/io/opentelemetry/opentelemetry-api/1.38.0/opentelemetry-api-1.38.0.jar:/Users/nikosthermogiannis/.m2/repository/io/opentelemetry/opentelemetry-context/1.38.0/opentelemetry-context-1.38.0.jar:/Users/nikosthermogiannis/.m2/repository/io/opentelemetry/opentelemetry-exporter-logging/1.38.0/opentelemetry-exporter-logging-1.38.0.jar:/Users/nikosthermogiannis/.m2/repository/io/opentelemetry/opentelemetry-sdk-common/1.38.0/opentelemetry-sdk-common-1.38.0.jar:/Users/nikosthermogiannis/.m2/repository/io/opentelemetry/opentelemetry-sdk-extension-autoconfigure-spi/1.38.0/opentelemetry-sdk-extension-autoconfigure-spi-1.38.0.jar:/Users/nikosthermogiannis/.m2/repository/io/opentelemetry/opentelemetry-sdk-extension-autoconfigure/1.38.0/opentelemetry-sdk-extension-autoconfigure-1.38.0.jar:/Users/nikosthermogiannis/.m2/repository/io/opentelemetry/opentelemetry-api-incubator/1.38.0-alpha/opentelemetry-api-incubator-1.38.0-alpha.jar:/Users/nikosthermogiannis/.m2/repository/io/opentelemetry/opentelemetry-sdk-trace/1.38.0/opentelemetry-sdk-trace-1.38.0.jar:/Users/nikosthermogiannis/.m2/repository/io/opentelemetry/opentelemetry-sdk/1.38.0/opentelemetry-sdk-1.38.0.jar:/Users/nikosthermogiannis/.m2/repository/io/opentelemetry/opentelemetry-sdk-metrics/1.38.0/opentelemetry-sdk-metrics-1.38.0.jar:/Users/nikosthermogiannis/.m2/repository/io/opentelemetry/opentelemetry-sdk-logs/1.38.0/opentelemetry-sdk-logs-1.38.0.jar:/Users/nikosthermogiannis/.m2/repository/net/bytebuddy/byte-buddy/1.14.15/byte-buddy-1.14.15.jar:/Users/nikosthermogiannis/.m2/repository/org/seleniumhq/selenium/selenium-os/4.21.0/selenium-os-4.21.0.jar:/Users/nikosthermogiannis/.m2/repository/org/apache/commons/commons-exec/1.4.0/commons-exec-1.4.0.jar:/Users/nikosthermogiannis/.m2/repository/org/seleniumhq/selenium/selenium-safari-driver/4.21.0/selenium-safari-driver-4.21.0.jar:/Users/nikosthermogiannis/.m2/repository/org/seleniumhq/selenium/selenium-support/4.21.0/selenium-support-4.21.0.jar:/Users/nikosthermogiannis/.m2/repository/org/apache/commons/commons-lang3/3.14.0/commons-lang3-3.14.0.jar:/Users/nikosthermogiannis/.m2/repository/org/slf4j/slf4j-api/2.0.13/slf4j-api-2.0.13.jar:/Users/nikosthermogiannis/.m2/repository/ch/qos/logback/logback-classic/1.5.0/logback-classic-1.5.0.jar:/Users/nikosthermogiannis/.m2/repository/ch/qos/logback/logback-core/1.5.0/logback-core-1.5.0.jar:/Users/nikosthermogiannis/.m2/repository/net/masterthought/cucumber-reporting/5.8.0/cucumber-reporting-5.8.0.jar:/Users/nikosthermogiannis/.m2/repository/com/fasterxml/jackson/core/jackson-databind/2.16.1/jackson-databind-2.16.1.jar:/Users/nikosthermogiannis/.m2/repository/com/fasterxml/jackson/core/jackson-annotations/2.16.1/jackson-annotations-2.16.1.jar:/Users/nikosthermogiannis/.m2/repository/com/fasterxml/jackson/core/jackson-core/2.16.1/jackson-core-2.16.1.jar:/Users/nikosthermogiannis/.m2/repository/com/fasterxml/jackson/datatype/jackson-datatype-jsr310/2.16.1/jackson-datatype-jsr310-2.16.1.jar:/Users/nikosthermogiannis/.m2/repository/org/apache/velocity/velocity-engine-core/2.3/velocity-engine-core-2.3.jar:/Users/nikosthermogiannis/.m2/repository/joda-time/joda-time/2.12.6/joda-time-2.12.6.jar:/Users/nikosthermogiannis/.m2/repository/org/apache/commons/commons-configuration2/2.9.0/commons-configuration2-2.9.0.jar:/Users/nikosthermogiannis/.m2/repository/commons-io/commons-io/2.15.1/commons-io-2.15.1.jar:/Users/nikosthermogiannis/.m2/repository/org/apache/commons/commons-text/1.11.0/commons-text-1.11.0.jar:/Users/nikosthermogiannis/.m2/repository/org/jsoup/jsoup/1.17.2/jsoup-1.17.2.jar:/Users/nikosthermogiannis/.m2/repository/com/googlecode/owasp-java-html-sanitizer/owasp-java-html-sanitizer/20220608.1/owasp-java-html-sanitizer-20220608.1.jar:/Users/nikosthermogiannis/.m2/repository/com/google/guava/guava/33.0.0-jre/guava-33.0.0-jre.jar:/Users/nikosthermogiannis/.m2/repository/com/google/guava/failureaccess/1.0.2/failureaccess-1.0.2.jar:/Users/nikosthermogiannis/.m2/repository/com/google/guava/listenablefuture/9999.0-empty-to-avoid-conflict-with-guava/listenablefuture-9999.0-empty-to-avoid-conflict-with-guava.jar:/Users/nikosthermogiannis/.m2/repository/com/google/code/findbugs/jsr305/3.0.2/jsr305-3.0.2.jar:/Users/nikosthermogiannis/.m2/repository/org/checkerframework/checker-qual/3.41.0/checker-qual-3.41.0.jar:/Users/nikosthermogiannis/.m2/repository/com/google/errorprone/error_prone_annotations/2.23.0/error_prone_annotations-2.23.0.jar:/Users/nikosthermogiannis/.m2/repository/com/google/j2objc/j2objc-annotations/2.8/j2objc-annotations-2.8.jar:/Users/nikosthermogiannis/.m2/repository/org/slf4j/jcl-over-slf4j/2.0.11/jcl-over-slf4j-2.0.11.jar:/Users/nikosthermogiannis/.m2/repository/io/github/bonigarcia/webdrivermanager/5.8.0/webdrivermanager-5.8.0.jar:/Users/nikosthermogiannis/.m2/repository/com/google/code/gson/gson/2.10.1/gson-2.10.1.jar:/Users/nikosthermogiannis/.m2/repository/com/github/docker-java/docker-java/3.3.6/docker-java-3.3.6.jar:/Users/nikosthermogiannis/.m2/repository/com/github/docker-java/docker-java-core/3.3.6/docker-java-core-3.3.6.jar:/Users/nikosthermogiannis/.m2/repository/com/github/docker-java/docker-java-api/3.3.6/docker-java-api-3.3.6.jar:/Users/nikosthermogiannis/.m2/repository/org/bouncycastle/bcpkix-jdk18on/1.76/bcpkix-jdk18on-1.76.jar:/Users/nikosthermogiannis/.m2/repository/org/bouncycastle/bcprov-jdk18on/1.76/bcprov-jdk18on-1.76.jar:/Users/nikosthermogiannis/.m2/repository/org/bouncycastle/bcutil-jdk18on/1.76/bcutil-jdk18on-1.76.jar:/Users/nikosthermogiannis/.m2/repository/com/github/docker-java/docker-java-transport-httpclient5/3.3.6/docker-java-transport-httpclient5-3.3.6.jar:/Users/nikosthermogiannis/.m2/repository/com/github/docker-java/docker-java-transport/3.3.6/docker-java-transport-3.3.6.jar:/Users/nikosthermogiannis/.m2/repository/net/java/dev/jna/jna/5.13.0/jna-5.13.0.jar:/Users/nikosthermogiannis/.m2/repository/org/brotli/dec/0.1.2/dec-0.1.2.jar:/Users/nikosthermogiannis/.m2/repository/org/apache/commons/commons-compress/1.26.1/commons-compress-1.26.1.jar:/Users/nikosthermogiannis/.m2/repository/commons-codec/commons-codec/1.16.1/commons-codec-1.16.1.jar:/Users/nikosthermogiannis/.m2/repository/org/apache/httpcomponents/client5/httpclient5/5.2.1/httpclient5-5.2.1.jar:/Users/nikosthermogiannis/.m2/repository/org/apache/httpcomponents/core5/httpcore5/5.2/httpcore5-5.2.jar:/Users/nikosthermogiannis/.m2/repository/org/apache/httpcomponents/core5/httpcore5-h2/5.2/httpcore5-h2-5.2.jar:/Users/nikosthermogiannis/.m2/repository/org/json/json/20240303/json-20240303.jar:"/>
    <property name="java.vm.vendor" value="Oracle Corporation"/>
    <property name="sun.arch.data.model" value="64"/>
    <property name="java.vendor.url" value="https://openjdk.java.net/"/>
    <property name="user.timezone" value=""/>
    <property name="java.vm.specification.version" value="11"/>
    <property name="os.name" value="Mac OS X"/>
    <property name="sun.java.launcher" value="SUN_STANDARD"/>
    <property name="user.country" value="GR"/>
    <property name="sun.boot.library.path" value="/Library/Java/JavaVirtualMachines/jdk-11.0.16.1.jdk/Contents/Home/lib"/>
    <property name="sun.java.command" value="/Users/nikosthermogiannis/Repos/java-cucumber-test-automation-framework/target/surefire/surefirebooter-20240526135316836_3.jar /Users/nikosthermogiannis/Repos/java-cucumber-test-automation-framework/target/surefire 2024-05-26T13-53-16_788-jvmRun1 surefire-20240526135316836_1tmp surefire_0-20240526135316836_2tmp"/>
    <property name="http.nonProxyHosts" value="local|*.local|169.254/16|*.169.254/16"/>
    <property name="jdk.debug" value="release"/>
    <property name="surefire.test.class.path" value="/Users/nikosthermogiannis/Repos/java-cucumber-test-automation-framework/target/test-classes:/Users/nikosthermogiannis/Repos/java-cucumber-test-automation-framework/target/classes:/Users/nikosthermogiannis/.m2/repository/io/cucumber/cucumber-java/7.18.0/cucumber-java-7.18.0.jar:/Users/nikosthermogiannis/.m2/repository/io/cucumber/cucumber-core/7.18.0/cucumber-core-7.18.0.jar:/Users/nikosthermogiannis/.m2/repository/io/cucumber/cucumber-gherkin/7.18.0/cucumber-gherkin-7.18.0.jar:/Users/nikosthermogiannis/.m2/repository/io/cucumber/cucumber-gherkin-messages/7.18.0/cucumber-gherkin-messages-7.18.0.jar:/Users/nikosthermogiannis/.m2/repository/io/cucumber/gherkin/28.0.0/gherkin-28.0.0.jar:/Users/nikosthermogiannis/.m2/repository/io/cucumber/messages/24.1.0/messages-24.1.0.jar:/Users/nikosthermogiannis/.m2/repository/io/cucumber/testng-xml-formatter/0.1.0/testng-xml-formatter-0.1.0.jar:/Users/nikosthermogiannis/.m2/repository/io/cucumber/query/12.1.2/query-12.1.2.jar:/Users/nikosthermogiannis/.m2/repository/io/cucumber/tag-expressions/6.1.0/tag-expressions-6.1.0.jar:/Users/nikosthermogiannis/.m2/repository/io/cucumber/cucumber-expressions/17.1.0/cucumber-expressions-17.1.0.jar:/Users/nikosthermogiannis/.m2/repository/io/cucumber/datatable/7.18.0/datatable-7.18.0.jar:/Users/nikosthermogiannis/.m2/repository/io/cucumber/cucumber-plugin/7.18.0/cucumber-plugin-7.18.0.jar:/Users/nikosthermogiannis/.m2/repository/io/cucumber/docstring/7.18.0/docstring-7.18.0.jar:/Users/nikosthermogiannis/.m2/repository/io/cucumber/html-formatter/21.3.1/html-formatter-21.3.1.jar:/Users/nikosthermogiannis/.m2/repository/io/cucumber/junit-xml-formatter/0.4.0/junit-xml-formatter-0.4.0.jar:/Users/nikosthermogiannis/.m2/repository/io/cucumber/ci-environment/10.0.1/ci-environment-10.0.1.jar:/Users/nikosthermogiannis/.m2/repository/org/apiguardian/apiguardian-api/1.1.2/apiguardian-api-1.1.2.jar:/Users/nikosthermogiannis/.m2/repository/io/cucumber/cucumber-junit/7.18.0/cucumber-junit-7.18.0.jar:/Users/nikosthermogiannis/.m2/repository/junit/junit/4.13.2/junit-4.13.2.jar:/Users/nikosthermogiannis/.m2/repository/org/hamcrest/hamcrest-core/1.3/hamcrest-core-1.3.jar:/Users/nikosthermogiannis/.m2/repository/org/seleniumhq/selenium/selenium-java/4.21.0/selenium-java-4.21.0.jar:/Users/nikosthermogiannis/.m2/repository/org/seleniumhq/selenium/selenium-api/4.21.0/selenium-api-4.21.0.jar:/Users/nikosthermogiannis/.m2/repository/org/seleniumhq/selenium/selenium-chrome-driver/4.21.0/selenium-chrome-driver-4.21.0.jar:/Users/nikosthermogiannis/.m2/repository/com/google/auto/service/auto-service-annotations/1.1.1/auto-service-annotations-1.1.1.jar:/Users/nikosthermogiannis/.m2/repository/org/seleniumhq/selenium/selenium-chromium-driver/4.21.0/selenium-chromium-driver-4.21.0.jar:/Users/nikosthermogiannis/.m2/repository/org/seleniumhq/selenium/selenium-json/4.21.0/selenium-json-4.21.0.jar:/Users/nikosthermogiannis/.m2/repository/org/seleniumhq/selenium/selenium-manager/4.21.0/selenium-manager-4.21.0.jar:/Users/nikosthermogiannis/.m2/repository/org/seleniumhq/selenium/selenium-devtools-v123/4.21.0/selenium-devtools-v123-4.21.0.jar:/Users/nikosthermogiannis/.m2/repository/org/seleniumhq/selenium/selenium-devtools-v124/4.21.0/selenium-devtools-v124-4.21.0.jar:/Users/nikosthermogiannis/.m2/repository/org/seleniumhq/selenium/selenium-devtools-v125/4.21.0/selenium-devtools-v125-4.21.0.jar:/Users/nikosthermogiannis/.m2/repository/org/seleniumhq/selenium/selenium-devtools-v85/4.21.0/selenium-devtools-v85-4.21.0.jar:/Users/nikosthermogiannis/.m2/repository/org/seleniumhq/selenium/selenium-edge-driver/4.21.0/selenium-edge-driver-4.21.0.jar:/Users/nikosthermogiannis/.m2/repository/org/seleniumhq/selenium/selenium-firefox-driver/4.21.0/selenium-firefox-driver-4.21.0.jar:/Users/nikosthermogiannis/.m2/repository/org/seleniumhq/selenium/selenium-http/4.21.0/selenium-http-4.21.0.jar:/Users/nikosthermogiannis/.m2/repository/dev/failsafe/failsafe/3.3.2/failsafe-3.3.2.jar:/Users/nikosthermogiannis/.m2/repository/org/seleniumhq/selenium/selenium-ie-driver/4.21.0/selenium-ie-driver-4.21.0.jar:/Users/nikosthermogiannis/.m2/repository/org/seleniumhq/selenium/selenium-remote-driver/4.21.0/selenium-remote-driver-4.21.0.jar:/Users/nikosthermogiannis/.m2/repository/io/opentelemetry/semconv/opentelemetry-semconv/1.25.0-alpha/opentelemetry-semconv-1.25.0-alpha.jar:/Users/nikosthermogiannis/.m2/repository/io/opentelemetry/opentelemetry-api/1.38.0/opentelemetry-api-1.38.0.jar:/Users/nikosthermogiannis/.m2/repository/io/opentelemetry/opentelemetry-context/1.38.0/opentelemetry-context-1.38.0.jar:/Users/nikosthermogiannis/.m2/repository/io/opentelemetry/opentelemetry-exporter-logging/1.38.0/opentelemetry-exporter-logging-1.38.0.jar:/Users/nikosthermogiannis/.m2/repository/io/opentelemetry/opentelemetry-sdk-common/1.38.0/opentelemetry-sdk-common-1.38.0.jar:/Users/nikosthermogiannis/.m2/repository/io/opentelemetry/opentelemetry-sdk-extension-autoconfigure-spi/1.38.0/opentelemetry-sdk-extension-autoconfigure-spi-1.38.0.jar:/Users/nikosthermogiannis/.m2/repository/io/opentelemetry/opentelemetry-sdk-extension-autoconfigure/1.38.0/opentelemetry-sdk-extension-autoconfigure-1.38.0.jar:/Users/nikosthermogiannis/.m2/repository/io/opentelemetry/opentelemetry-api-incubator/1.38.0-alpha/opentelemetry-api-incubator-1.38.0-alpha.jar:/Users/nikosthermogiannis/.m2/repository/io/opentelemetry/opentelemetry-sdk-trace/1.38.0/opentelemetry-sdk-trace-1.38.0.jar:/Users/nikosthermogiannis/.m2/repository/io/opentelemetry/opentelemetry-sdk/1.38.0/opentelemetry-sdk-1.38.0.jar:/Users/nikosthermogiannis/.m2/repository/io/opentelemetry/opentelemetry-sdk-metrics/1.38.0/opentelemetry-sdk-metrics-1.38.0.jar:/Users/nikosthermogiannis/.m2/repository/io/opentelemetry/opentelemetry-sdk-logs/1.38.0/opentelemetry-sdk-logs-1.38.0.jar:/Users/nikosthermogiannis/.m2/repository/net/bytebuddy/byte-buddy/1.14.15/byte-buddy-1.14.15.jar:/Users/nikosthermogiannis/.m2/repository/org/seleniumhq/selenium/selenium-os/4.21.0/selenium-os-4.21.0.jar:/Users/nikosthermogiannis/.m2/repository/org/apache/commons/commons-exec/1.4.0/commons-exec-1.4.0.jar:/Users/nikosthermogiannis/.m2/repository/org/seleniumhq/selenium/selenium-safari-driver/4.21.0/selenium-safari-driver-4.21.0.jar:/Users/nikosthermogiannis/.m2/repository/org/seleniumhq/selenium/selenium-support/4.21.0/selenium-support-4.21.0.jar:/Users/nikosthermogiannis/.m2/repository/org/apache/commons/commons-lang3/3.14.0/commons-lang3-3.14.0.jar:/Users/nikosthermogiannis/.m2/repository/org/slf4j/slf4j-api/2.0.13/slf4j-api-2.0.13.jar:/Users/nikosthermogiannis/.m2/repository/ch/qos/logback/logback-classic/1.5.0/logback-classic-1.5.0.jar:/Users/nikosthermogiannis/.m2/repository/ch/qos/logback/logback-core/1.5.0/logback-core-1.5.0.jar:/Users/nikosthermogiannis/.m2/repository/net/masterthought/cucumber-reporting/5.8.0/cucumber-reporting-5.8.0.jar:/Users/nikosthermogiannis/.m2/repository/com/fasterxml/jackson/core/jackson-databind/2.16.1/jackson-databind-2.16.1.jar:/Users/nikosthermogiannis/.m2/repository/com/fasterxml/jackson/core/jackson-annotations/2.16.1/jackson-annotations-2.16.1.jar:/Users/nikosthermogiannis/.m2/repository/com/fasterxml/jackson/core/jackson-core/2.16.1/jackson-core-2.16.1.jar:/Users/nikosthermogiannis/.m2/repository/com/fasterxml/jackson/datatype/jackson-datatype-jsr310/2.16.1/jackson-datatype-jsr310-2.16.1.jar:/Users/nikosthermogiannis/.m2/repository/org/apache/velocity/velocity-engine-core/2.3/velocity-engine-core-2.3.jar:/Users/nikosthermogiannis/.m2/repository/joda-time/joda-time/2.12.6/joda-time-2.12.6.jar:/Users/nikosthermogiannis/.m2/repository/org/apache/commons/commons-configuration2/2.9.0/commons-configuration2-2.9.0.jar:/Users/nikosthermogiannis/.m2/repository/commons-io/commons-io/2.15.1/commons-io-2.15.1.jar:/Users/nikosthermogiannis/.m2/repository/org/apache/commons/commons-text/1.11.0/commons-text-1.11.0.jar:/Users/nikosthermogiannis/.m2/repository/org/jsoup/jsoup/1.17.2/jsoup-1.17.2.jar:/Users/nikosthermogiannis/.m2/repository/com/googlecode/owasp-java-html-sanitizer/owasp-java-html-sanitizer/20220608.1/owasp-java-html-sanitizer-20220608.1.jar:/Users/nikosthermogiannis/.m2/repository/com/google/guava/guava/33.0.0-jre/guava-33.0.0-jre.jar:/Users/nikosthermogiannis/.m2/repository/com/google/guava/failureaccess/1.0.2/failureaccess-1.0.2.jar:/Users/nikosthermogiannis/.m2/repository/com/google/guava/listenablefuture/9999.0-empty-to-avoid-conflict-with-guava/listenablefuture-9999.0-empty-to-avoid-conflict-with-guava.jar:/Users/nikosthermogiannis/.m2/repository/com/google/code/findbugs/jsr305/3.0.2/jsr305-3.0.2.jar:/Users/nikosthermogiannis/.m2/repository/org/checkerframework/checker-qual/3.41.0/checker-qual-3.41.0.jar:/Users/nikosthermogiannis/.m2/repository/com/google/errorprone/error_prone_annotations/2.23.0/error_prone_annotations-2.23.0.jar:/Users/nikosthermogiannis/.m2/repository/com/google/j2objc/j2objc-annotations/2.8/j2objc-annotations-2.8.jar:/Users/nikosthermogiannis/.m2/repository/org/slf4j/jcl-over-slf4j/2.0.11/jcl-over-slf4j-2.0.11.jar:/Users/nikosthermogiannis/.m2/repository/io/github/bonigarcia/webdrivermanager/5.8.0/webdrivermanager-5.8.0.jar:/Users/nikosthermogiannis/.m2/repository/com/google/code/gson/gson/2.10.1/gson-2.10.1.jar:/Users/nikosthermogiannis/.m2/repository/com/github/docker-java/docker-java/3.3.6/docker-java-3.3.6.jar:/Users/nikosthermogiannis/.m2/repository/com/github/docker-java/docker-java-core/3.3.6/docker-java-core-3.3.6.jar:/Users/nikosthermogiannis/.m2/repository/com/github/docker-java/docker-java-api/3.3.6/docker-java-api-3.3.6.jar:/Users/nikosthermogiannis/.m2/repository/org/bouncycastle/bcpkix-jdk18on/1.76/bcpkix-jdk18on-1.76.jar:/Users/nikosthermogiannis/.m2/repository/org/bouncycastle/bcprov-jdk18on/1.76/bcprov-jdk18on-1.76.jar:/Users/nikosthermogiannis/.m2/repository/org/bouncycastle/bcutil-jdk18on/1.76/bcutil-jdk18on-1.76.jar:/Users/nikosthermogiannis/.m2/repository/com/github/docker-java/docker-java-transport-httpclient5/3.3.6/docker-java-transport-httpclient5-3.3.6.jar:/Users/nikosthermogiannis/.m2/repository/com/github/docker-java/docker-java-transport/3.3.6/docker-java-transport-3.3.6.jar:/Users/nikosthermogiannis/.m2/repository/net/java/dev/jna/jna/5.13.0/jna-5.13.0.jar:/Users/nikosthermogiannis/.m2/repository/org/brotli/dec/0.1.2/dec-0.1.2.jar:/Users/nikosthermogiannis/.m2/repository/org/apache/commons/commons-compress/1.26.1/commons-compress-1.26.1.jar:/Users/nikosthermogiannis/.m2/repository/commons-codec/commons-codec/1.16.1/commons-codec-1.16.1.jar:/Users/nikosthermogiannis/.m2/repository/org/apache/httpcomponents/client5/httpclient5/5.2.1/httpclient5-5.2.1.jar:/Users/nikosthermogiannis/.m2/repository/org/apache/httpcomponents/core5/httpcore5/5.2/httpcore5-5.2.jar:/Users/nikosthermogiannis/.m2/repository/org/apache/httpcomponents/core5/httpcore5-h2/5.2/httpcore5-h2-5.2.jar:/Users/nikosthermogiannis/.m2/repository/org/json/json/20240303/json-20240303.jar:"/>
    <property name="sun.cpu.endian" value="little"/>
    <property name="user.home" value="/Users/nikosthermogiannis"/>
    <property name="user.language" value="en"/>
    <property name="java.specification.vendor" value="Oracle Corporation"/>
    <property name="java.version.date" value="2022-08-18"/>
    <property name="java.home" value="/Library/Java/JavaVirtualMachines/jdk-11.0.16.1.jdk/Contents/Home"/>
    <property name="file.separator" value="/"/>
    <property name="basedir" value="/Users/nikosthermogiannis/Repos/java-cucumber-test-automation-framework"/>
    <property name="java.vm.compressedOopsMode" value="Zero based"/>
    <property name="line.separator" value="&#10;"/>
    <property name="java.specification.name" value="Java Platform API Specification"/>
    <property name="java.vm.specification.vendor" value="Oracle Corporation"/>
    <property name="java.awt.graphicsenv" value="sun.awt.CGraphicsEnvironment"/>
    <property name="surefire.real.class.path" value="/Users/nikosthermogiannis/Repos/java-cucumber-test-automation-framework/target/surefire/surefirebooter-20240526135316836_3.jar"/>
    <property name="sun.management.compiler" value="HotSpot 64-Bit Tiered Compilers"/>
    <property name="ftp.nonProxyHosts" value="local|*.local|169.254/16|*.169.254/16"/>
    <property name="java.runtime.version" value="11.0.16.1+1-LTS-1"/>
    <property name="user.name" value="nikosthermogiannis"/>
    <property name="path.separator" value=":"/>
    <property name="os.version" value="14.5"/>
    <property name="java.runtime.name" value="Java(TM) SE Runtime Environment"/>
    <property name="file.encoding" value="UTF-8"/>
    <property name="java.vm.name" value="Java HotSpot(TM) 64-Bit Server VM"/>
    <property name="java.vendor.version" value="18.9"/>
    <property name="localRepository" value="/Users/nikosthermogiannis/.m2/repository"/>
    <property name="java.vendor.url.bug" value="https://bugreport.java.com/bugreport/"/>
    <property name="java.io.tmpdir" value="/var/folders/sc/kw723b2x2b1gghyypl2h3wrw0000gn/T/"/>
    <property name="java.version" value="11.0.16.1"/>
    <property name="user.dir" value="/Users/nikosthermogiannis/Repos/java-cucumber-test-automation-framework"/>
    <property name="os.arch" value="aarch64"/>
    <property name="java.vm.specification.name" value="Java Virtual Machine Specification"/>
    <property name="java.awt.printerjob" value="sun.lwawt.macosx.CPrinterJob"/>
    <property name="sun.os.patch.level" value="unknown"/>
    <property name="java.library.path" value="/Users/nikosthermogiannis/Library/Java/Extensions:/Library/Java/Extensions:/Network/Library/Java/Extensions:/System/Library/Java/Extensions:/usr/lib/java:."/>
    <property name="java.vendor" value="Oracle Corporation"/>
    <property name="java.vm.info" value="mixed mode"/>
    <property name="java.vm.version" value="11.0.16.1+1-LTS-1"/>
    <property name="sun.io.unicode.encoding" value="UnicodeBig"/>
    <property name="java.class.version" value="55.0"/>
    <property name="socksNonProxyHosts" value="local|*.local|169.254/16|*.169.254/16"/>
  </properties>
  <testcase name="Successful login" classname="Authentication" time="2.519">
    <system-out><![CDATA[
Scenario: Successful login                                # src/test/resources/features/authentication.feature:3
13:53:17.384 [main] DEBUG io.github.bonigarcia.wdm.WebDriverManager -- Using WebDriverManager 5.8.0
13:53:17.525 [main] DEBUG io.github.bonigarcia.wdm.cache.ResolutionCache -- Resolution chrome=125 in cache (valid until 14:25:38 26/05/2024 EEST)
13:53:17.525 [main] DEBUG io.github.bonigarcia.wdm.cache.ResolutionCache -- Resolution chrome125=125.0.6422.78 in cache (valid until 12:24:09 27/05/2024 EEST)
13:53:17.526 [main] INFO io.github.bonigarcia.wdm.WebDriverManager -- Using chromedriver 125.0.6422.78 (resolved driver for Chrome 125)
13:53:17.536 [main] DEBUG io.github.bonigarcia.wdm.WebDriverManager -- Driver chromedriver 125.0.6422.78 found in cache
13:53:17.537 [main] INFO io.github.bonigarcia.wdm.WebDriverManager -- Exporting webdriver.chrome.driver as /Users/nikosthermogiannis/.cache/selenium/chromedriver/mac-arm64/125.0.6422.78/chromedriver
  Given the user is on the login page                     # com.saucedemo.steps.AuthenticationSteps.the_user_is_on_the_login_page()
  When the user logs in as "standard_user"                # com.saucedemo.steps.AuthenticationSteps.the_user_logs_in_as_string(java.lang.String)
  Then the user should be redirected to the products page # com.saucedemo.steps.AuthenticationSteps.the_user_should_be_redirected_to_the_products_page()
]]></system-out>
  </testcase>
  <testcase name="Proceed to checkout" classname="Cart" time="1.674">
    <system-out><![CDATA[
Scenario: Proceed to checkout                         # src/test/resources/features/cart.feature:3
13:53:19.828 [main] DEBUG io.github.bonigarcia.wdm.WebDriverManager -- Using WebDriverManager 5.8.0
13:53:19.835 [main] DEBUG io.github.bonigarcia.wdm.cache.ResolutionCache -- Resolution chrome=125 in cache (valid until 14:25:38 26/05/2024 EEST)
13:53:19.836 [main] DEBUG io.github.bonigarcia.wdm.cache.ResolutionCache -- Resolution chrome125=125.0.6422.78 in cache (valid until 12:24:09 27/05/2024 EEST)
13:53:19.836 [main] INFO io.github.bonigarcia.wdm.WebDriverManager -- Using chromedriver 125.0.6422.78 (resolved driver for Chrome 125)
13:53:19.839 [main] DEBUG io.github.bonigarcia.wdm.WebDriverManager -- Driver chromedriver 125.0.6422.78 found in cache
13:53:19.839 [main] INFO io.github.bonigarcia.wdm.WebDriverManager -- Exporting webdriver.chrome.driver as /Users/nikosthermogiannis/.cache/selenium/chromedriver/mac-arm64/125.0.6422.78/chromedriver
  Given the user has added a product to the cart      # com.saucedemo.steps.CartSteps.the_user_has_added_a_product_to_the_cart()
  When the user goes to the cart                      # com.saucedemo.steps.CartSteps.the_user_goes_to_the_cart()
  Then the user should be able to proceed to checkout # com.saucedemo.steps.CartSteps.the_user_should_be_able_to_proceed_to_checkout()
]]></system-out>
  </testcase>
  <testcase name="Enter checkout information" classname="Checkout #1" time="1.765">
    <system-out><![CDATA[
Scenario: Enter checkout information                               # src/test/resources/features/checkout.feature:3
13:53:21.506 [main] DEBUG io.github.bonigarcia.wdm.WebDriverManager -- Using WebDriverManager 5.8.0
13:53:21.512 [main] DEBUG io.github.bonigarcia.wdm.cache.ResolutionCache -- Resolution chrome=125 in cache (valid until 14:25:38 26/05/2024 EEST)
13:53:21.512 [main] DEBUG io.github.bonigarcia.wdm.cache.ResolutionCache -- Resolution chrome125=125.0.6422.78 in cache (valid until 12:24:09 27/05/2024 EEST)
13:53:21.513 [main] INFO io.github.bonigarcia.wdm.WebDriverManager -- Using chromedriver 125.0.6422.78 (resolved driver for Chrome 125)
13:53:21.515 [main] DEBUG io.github.bonigarcia.wdm.WebDriverManager -- Driver chromedriver 125.0.6422.78 found in cache
13:53:21.515 [main] INFO io.github.bonigarcia.wdm.WebDriverManager -- Exporting webdriver.chrome.driver as /Users/nikosthermogiannis/.cache/selenium/chromedriver/mac-arm64/125.0.6422.78/chromedriver
  Given the user is on the checkout page                           # com.saucedemo.steps.CheckoutSteps.the_user_is_on_the_checkout_page()
  When the user enters checkout information "John", "Doe", "12345" # com.saucedemo.steps.CheckoutSteps.the_user_enters_checkout_information(java.lang.String,java.lang.String,java.lang.String)
  Then the user should be able to continue to the next step        # com.saucedemo.steps.CheckoutSteps.the_user_should_be_able_to_continue_to_the_next_step()
]]></system-out>
  </testcase>
  <testcase name="Enter checkout information" classname="Checkout #2" time="1.791">
    <system-out><![CDATA[
Scenario: Enter checkout information                               # src/test/resources/features/menu.feature:3
13:53:23.271 [main] DEBUG io.github.bonigarcia.wdm.WebDriverManager -- Using WebDriverManager 5.8.0
13:53:23.274 [main] DEBUG io.github.bonigarcia.wdm.cache.ResolutionCache -- Resolution chrome=125 in cache (valid until 14:25:38 26/05/2024 EEST)
13:53:23.275 [main] DEBUG io.github.bonigarcia.wdm.cache.ResolutionCache -- Resolution chrome125=125.0.6422.78 in cache (valid until 12:24:09 27/05/2024 EEST)
13:53:23.275 [main] INFO io.github.bonigarcia.wdm.WebDriverManager -- Using chromedriver 125.0.6422.78 (resolved driver for Chrome 125)
13:53:23.277 [main] DEBUG io.github.bonigarcia.wdm.WebDriverManager -- Driver chromedriver 125.0.6422.78 found in cache
13:53:23.277 [main] INFO io.github.bonigarcia.wdm.WebDriverManager -- Exporting webdriver.chrome.driver as /Users/nikosthermogiannis/.cache/selenium/chromedriver/mac-arm64/125.0.6422.78/chromedriver
  Given the user is on the checkout page                           # com.saucedemo.steps.CheckoutSteps.the_user_is_on_the_checkout_page()
  When the user enters checkout information "John", "Doe", "12345" # com.saucedemo.steps.CheckoutSteps.the_user_enters_checkout_information(java.lang.String,java.lang.String,java.lang.String)
  Then the user should be able to continue to the next step        # com.saucedemo.steps.CheckoutSteps.the_user_should_be_able_to_continue_to_the_next_step()
]]></system-out>
  </testcase>
  <testcase name="Add first product to cart" classname="Products Page" time="1.624">
    <system-out><![CDATA[
Scenario: Add first product to cart                # src/test/resources/features/products.feature:3
13:53:25.061 [main] DEBUG io.github.bonigarcia.wdm.WebDriverManager -- Using WebDriverManager 5.8.0
13:53:25.064 [main] DEBUG io.github.bonigarcia.wdm.cache.ResolutionCache -- Resolution chrome=125 in cache (valid until 14:25:38 26/05/2024 EEST)
13:53:25.064 [main] DEBUG io.github.bonigarcia.wdm.cache.ResolutionCache -- Resolution chrome125=125.0.6422.78 in cache (valid until 12:24:09 27/05/2024 EEST)
13:53:25.064 [main] INFO io.github.bonigarcia.wdm.WebDriverManager -- Using chromedriver 125.0.6422.78 (resolved driver for Chrome 125)
13:53:25.066 [main] DEBUG io.github.bonigarcia.wdm.WebDriverManager -- Driver chromedriver 125.0.6422.78 found in cache
13:53:25.067 [main] INFO io.github.bonigarcia.wdm.WebDriverManager -- Exporting webdriver.chrome.driver as /Users/nikosthermogiannis/.cache/selenium/chromedriver/mac-arm64/125.0.6422.78/chromedriver
  Given the user is logged in                      # com.saucedemo.steps.ProductsSteps.the_user_is_logged_in()
  When the user adds the first product to the cart # com.saucedemo.steps.ProductsSteps.the_user_adds_the_first_product_to_the_cart()
  Then the cart should contain one item            # com.saucedemo.steps.ProductsSteps.the_cart_should_contain_one_item()
]]></system-out>
  </testcase>
</testsuite>